[2019-12-19 09:21:12.884] [exthost] [info] extension host started
[2019-12-19 09:21:13.004] [exthost] [info] ExtensionService#_doActivateExtension HookyQR.beautify {"startup":true,"activationEvent":"*"}
[2019-12-19 09:21:13.004] [exthost] [info] ExtensionService#loadCommonJSModule C:\Users\Jhon Sidney\.p2\pool\plugins\pack.core.win_3.5.0.201909121914\HookyQR.beautify-1.4.11\extension
[2019-12-19 09:21:21.881] [exthost] [info] ExtensionService#_doActivateExtension christian-kohler.path-intellisense {"startup":true,"activationEvent":"*"}
[2019-12-19 09:21:21.881] [exthost] [info] ExtensionService#loadCommonJSModule C:\Users\Jhon Sidney\.p2\pool\plugins\pack.core.win_3.5.0.201909121914\christian-kohler.path-intellisense-1.4.2\out\src\extension
[2019-12-19 09:21:23.583] [exthost] [info] ExtensionService#_doActivateExtension dbaeumer.vscode-eslint {"startup":true,"activationEvent":"*"}
[2019-12-19 09:21:23.583] [exthost] [info] ExtensionService#loadCommonJSModule C:\Users\Jhon Sidney\.p2\pool\plugins\pack.core.win_3.5.0.201909121914\dbaeumer.vscode-eslint-1.9.0\client\out\extension
[2019-12-19 09:21:23.945] [exthost] [info] ExtensionService#_doActivateExtension vscode.debug-auto-launch {"startup":true,"activationEvent":"*"}
[2019-12-19 09:21:23.945] [exthost] [info] ExtensionService#loadCommonJSModule c:\Users\Jhon Sidney\.p2\pool\plugins\com.genuitec.eclipse.code.engine.app.win32.x86_64_3.5.0.201909201758\engine\resources\app\extensions\debug-auto-launch\dist\extension
[2019-12-19 09:21:24.306] [exthost] [info] ExtensionService#_doActivateExtension vscode.emmet {"startup":true,"activationEvent":"*"}
[2019-12-19 09:21:24.306] [exthost] [info] ExtensionService#loadCommonJSModule c:\Users\Jhon Sidney\.p2\pool\plugins\com.genuitec.eclipse.code.engine.app.win32.x86_64_3.5.0.201909201758\engine\resources\app\extensions\emmet\dist\extension
[2019-12-19 09:21:24.734] [exthost] [info] ExtensionService#_doActivateExtension formulahendry.auto-close-tag {"startup":true,"activationEvent":"*"}
[2019-12-19 09:21:24.734] [exthost] [info] ExtensionService#loadCommonJSModule C:\Users\Jhon Sidney\.p2\pool\plugins\pack.core.win_3.5.0.201909121914\formulahendry.auto-close-tag-0.5.6\out\src\extension
[2019-12-19 09:21:24.897] [exthost] [info] ExtensionService#_doActivateExtension vscode.configuration-editing {"startup":false,"activationEvent":"onLanguage:jsonc"}
[2019-12-19 09:21:24.897] [exthost] [info] ExtensionService#loadCommonJSModule c:\Users\Jhon Sidney\.p2\pool\plugins\com.genuitec.eclipse.code.engine.app.win32.x86_64_3.5.0.201909201758\engine\resources\app\extensions\configuration-editing\dist\extension
[2019-12-19 09:21:25.233] [exthost] [info] ExtensionService#_doActivateExtension vscode.json-language-features {"startup":false,"activationEvent":"onLanguage:jsonc"}
[2019-12-19 09:21:25.233] [exthost] [info] ExtensionService#loadCommonJSModule c:\Users\Jhon Sidney\.p2\pool\plugins\com.genuitec.eclipse.code.engine.app.win32.x86_64_3.5.0.201909201758\engine\resources\app\extensions\json-language-features\client\dist\jsonMain
[2019-12-19 09:21:26.410] [exthost] [info] ExtensionService#_doActivateExtension vscode.typescript-language-features {"startup":false,"activationEvent":"onLanguage:jsonc"}
[2019-12-19 09:21:26.410] [exthost] [info] ExtensionService#loadCommonJSModule c:\Users\Jhon Sidney\.p2\pool\plugins\com.genuitec.eclipse.code.engine.app.win32.x86_64_3.5.0.201909201758\engine\resources\app\extensions\typescript-language-features\dist\extension
[2019-12-19 09:21:27.014] [exthost] [info] ExtensionService#_doActivateExtension vscode.grunt {"startup":false,"activationEvent":"onCommand:workbench.action.tasks.runTask"}
[2019-12-19 09:21:27.014] [exthost] [info] ExtensionService#loadCommonJSModule c:\Users\Jhon Sidney\.p2\pool\plugins\com.genuitec.eclipse.code.engine.app.win32.x86_64_3.5.0.201909201758\engine\resources\app\extensions\grunt\dist\main
[2019-12-19 09:21:27.193] [exthost] [info] ExtensionService#_doActivateExtension vscode.gulp {"startup":false,"activationEvent":"onCommand:workbench.action.tasks.runTask"}
[2019-12-19 09:21:27.193] [exthost] [info] ExtensionService#loadCommonJSModule c:\Users\Jhon Sidney\.p2\pool\plugins\com.genuitec.eclipse.code.engine.app.win32.x86_64_3.5.0.201909201758\engine\resources\app\extensions\gulp\dist\main
[2019-12-19 09:21:27.473] [exthost] [info] ExtensionService#_doActivateExtension vscode.jake {"startup":false,"activationEvent":"onCommand:workbench.action.tasks.runTask"}
[2019-12-19 09:21:27.473] [exthost] [info] ExtensionService#loadCommonJSModule c:\Users\Jhon Sidney\.p2\pool\plugins\com.genuitec.eclipse.code.engine.app.win32.x86_64_3.5.0.201909201758\engine\resources\app\extensions\jake\dist\main
[2019-12-19 09:21:27.864] [exthost] [info] ExtensionService#_doActivateExtension vscode.npm {"startup":false,"activationEvent":"onCommand:workbench.action.tasks.runTask"}
[2019-12-19 09:21:27.864] [exthost] [info] ExtensionService#loadCommonJSModule c:\Users\Jhon Sidney\.p2\pool\plugins\com.genuitec.eclipse.code.engine.app.win32.x86_64_3.5.0.201909201758\engine\resources\app\extensions\npm\dist\main
[2019-12-19 09:21:28.433] [exthost] [info] eager extensions activated
